  Camera.cpp
  main.cpp
E:\DongMin\_Project\Graphics\OpenGLCourseApp\OpenGLCourseApp\Window.h(14,35): warning C4244: 'return': 'GLint'에서 'GLfloat'(으)로 변환하면서 데이터가 손실될 수 있습니다.
E:\DongMin\_Project\Graphics\OpenGLCourseApp\OpenGLCourseApp\Window.h(15,37): warning C4244: 'return': 'GLint'에서 'GLfloat'(으)로 변환하면서 데이터가 손실될 수 있습니다.
E:\DongMin\_Project\Graphics\OpenGLCourseApp\OpenGLCourseApp\main.cpp(93,15): warning C4244: '초기화 중': 'double'에서 'GLfloat'(으)로 변환하면서 데이터가 손실될 수 있습니다.
  Mesh.cpp
  Shader.cpp
  Texture.cpp
  Window.cpp
E:\DongMin\_Project\Graphics\OpenGLCourseApp\OpenGLCourseApp\Window.h(14,35): warning C4244: 'return': 'GLint'에서 'GLfloat'(으)로 변환하면서 데이터가 손실될 수 있습니다.
E:\DongMin\_Project\Graphics\OpenGLCourseApp\OpenGLCourseApp\Window.h(15,37): warning C4244: 'return': 'GLint'에서 'GLfloat'(으)로 변환하면서 데이터가 손실될 수 있습니다.
E:\DongMin\_Project\Graphics\OpenGLCourseApp\OpenGLCourseApp\Window.cpp(125,22): warning C4244: '=': 'double'에서 'GLfloat'(으)로 변환하면서 데이터가 손실될 수 있습니다.
E:\DongMin\_Project\Graphics\OpenGLCourseApp\OpenGLCourseApp\Window.cpp(126,22): warning C4244: '=': 'double'에서 'GLfloat'(으)로 변환하면서 데이터가 손실될 수 있습니다.
E:\DongMin\_Project\Graphics\OpenGLCourseApp\OpenGLCourseApp\Window.cpp(130,28): warning C4244: '=': 'double'에서 'GLfloat'(으)로 변환하면서 데이터가 손실될 수 있습니다.
E:\DongMin\_Project\Graphics\OpenGLCourseApp\OpenGLCourseApp\Window.cpp(131,40): warning C4244: '=': 'double'에서 'GLfloat'(으)로 변환하면서 데이터가 손실될 수 있습니다.
E:\DongMin\_Project\Graphics\OpenGLCourseApp\OpenGLCourseApp\Window.cpp(133,21): warning C4244: '=': 'double'에서 'GLfloat'(으)로 변환하면서 데이터가 손실될 수 있습니다.
E:\DongMin\_Project\Graphics\OpenGLCourseApp\OpenGLCourseApp\Window.cpp(134,21): warning C4244: '=': 'double'에서 'GLfloat'(으)로 변환하면서 데이터가 손실될 수 있습니다.
  코드를 생성하고 있습니다...
E:\DongMin\_Project\Graphics\OpenGLCourseApp\OpenGLCourseApp\Window.cpp(75): warning C4715: 'Window::Initialize': 모든 제어 경로에서 값을 반환하지는 않습니다.
LINK : warning LNK4098: 'MSVCRT' defaultlib가 다른 라이브러리와 충돌합니다. /NODEFAULTLIB:library를 사용하십시오.
  OpenGLCourseApp.vcxproj -> E:\DongMin\_Project\Graphics\OpenGLCourseApp\Debug\OpenGLCourseApp.exe
